Analysis & Synthesis report for EmisorSerie
Sat Feb 09 11:46:01 2019
Quartus II 64-Bit Version 13.0.0 Build 156 04/24/2013 SJ Web Edition


---------------------
; Table of Contents ;
---------------------
  1. Legal Notice
  2. Analysis & Synthesis Summary
  3. Analysis & Synthesis Settings
  4. Parallel Compilation
  5. Analysis & Synthesis Source Files Read
  6. Analysis & Synthesis Resource Usage Summary
  7. Analysis & Synthesis Resource Utilization by Entity
  8. State Machine - |EmisorSerie|Control:i_4|estado_act
  9. State Machine - |EmisorSerie|DetectorFlanco:i_1|estado_act
 10. Registers Removed During Synthesis
 11. General Register Statistics
 12. Inverted Register Statistics
 13. Multiplexer Restructuring Statistics (Restructuring Performed)
 14. Elapsed Time Per Partition
 15. Analysis & Synthesis Messages



----------------
; Legal Notice ;
----------------
Copyright (C) 1991-2013 Altera Corporation
Your use of Altera Corporation's design tools, logic functions 
and other software and tools, and its AMPP partner logic 
functions, and any output files from any of the foregoing 
(including device programming or simulation files), and any 
associated documentation or information are expressly subject 
to the terms and conditions of the Altera Program License 
Subscription Agreement, Altera MegaCore Function License 
Agreement, or other applicable license agreement, including, 
without limitation, that your use is for the sole purpose of 
programming logic devices manufactured by Altera and sold by 
Altera or its authorized distributors.  Please refer to the 
applicable agreement for further details.



+---------------------------------------------------------------------------------+
; Analysis & Synthesis Summary                                                    ;
+------------------------------------+--------------------------------------------+
; Analysis & Synthesis Status        ; Successful - Sat Feb 09 11:46:01 2019      ;
; Quartus II 64-Bit Version          ; 13.0.0 Build 156 04/24/2013 SJ Web Edition ;
; Revision Name                      ; EmisorSerie                                ;
; Top-level Entity Name              ; EmisorSerie                                ;
; Family                             ; Cyclone II                                 ;
; Total logic elements               ; 50                                         ;
;     Total combinational functions  ; 49                                         ;
;     Dedicated logic registers      ; 32                                         ;
; Total registers                    ; 32                                         ;
; Total pins                         ; 12                                         ;
; Total virtual pins                 ; 0                                          ;
; Total memory bits                  ; 0                                          ;
; Embedded Multiplier 9-bit elements ; 0                                          ;
; Total PLLs                         ; 0                                          ;
+------------------------------------+--------------------------------------------+


+----------------------------------------------------------------------------------------------------------------------+
; Analysis & Synthesis Settings                                                                                        ;
+----------------------------------------------------------------------------+--------------------+--------------------+
; Option                                                                     ; Setting            ; Default Value      ;
+----------------------------------------------------------------------------+--------------------+--------------------+
; Device                                                                     ; EP2C20F484C7       ;                    ;
; Top-level entity name                                                      ; EmisorSerie        ; EmisorSerie        ;
; Family name                                                                ; Cyclone II         ; Cyclone IV GX      ;
; Use smart compilation                                                      ; Off                ; Off                ;
; Enable parallel Assembler and TimeQuest Timing Analyzer during compilation ; On                 ; On                 ;
; Enable compact report table                                                ; Off                ; Off                ;
; Restructure Multiplexers                                                   ; Auto               ; Auto               ;
; Create Debugging Nodes for IP Cores                                        ; Off                ; Off                ;
; Preserve fewer node names                                                  ; On                 ; On                 ;
; Disable OpenCore Plus hardware evaluation                                  ; Off                ; Off                ;
; Verilog Version                                                            ; Verilog_2001       ; Verilog_2001       ;
; VHDL Version                                                               ; VHDL_1993          ; VHDL_1993          ;
; State Machine Processing                                                   ; Auto               ; Auto               ;
; Safe State Machine                                                         ; Off                ; Off                ;
; Extract Verilog State Machines                                             ; On                 ; On                 ;
; Extract VHDL State Machines                                                ; On                 ; On                 ;
; Ignore Verilog initial constructs                                          ; Off                ; Off                ;
; Iteration limit for constant Verilog loops                                 ; 5000               ; 5000               ;
; Iteration limit for non-constant Verilog loops                             ; 250                ; 250                ;
; Add Pass-Through Logic to Inferred RAMs                                    ; On                 ; On                 ;
; Infer RAMs from Raw Logic                                                  ; On                 ; On                 ;
; Parallel Synthesis                                                         ; On                 ; On                 ;
; DSP Block Balancing                                                        ; Auto               ; Auto               ;
; NOT Gate Push-Back                                                         ; On                 ; On                 ;
; Power-Up Don't Care                                                        ; On                 ; On                 ;
; Remove Redundant Logic Cells                                               ; Off                ; Off                ;
; Remove Duplicate Registers                                                 ; On                 ; On                 ;
; Ignore CARRY Buffers                                                       ; Off                ; Off                ;
; Ignore CASCADE Buffers                                                     ; Off                ; Off                ;
; Ignore GLOBAL Buffers                                                      ; Off                ; Off                ;
; Ignore ROW GLOBAL Buffers                                                  ; Off                ; Off                ;
; Ignore LCELL Buffers                                                       ; Off                ; Off                ;
; Ignore SOFT Buffers                                                        ; On                 ; On                 ;
; Limit AHDL Integers to 32 Bits                                             ; Off                ; Off                ;
; Optimization Technique                                                     ; Balanced           ; Balanced           ;
; Carry Chain Length                                                         ; 70                 ; 70                 ;
; Auto Carry Chains                                                          ; On                 ; On                 ;
; Auto Open-Drain Pins                                                       ; On                 ; On                 ;
; Perform WYSIWYG Primitive Resynthesis                                      ; Off                ; Off                ;
; Auto ROM Replacement                                                       ; On                 ; On                 ;
; Auto RAM Replacement                                                       ; On                 ; On                 ;
; Auto Shift Register Replacement                                            ; Auto               ; Auto               ;
; Allow Shift Register Merging across Hierarchies                            ; Auto               ; Auto               ;
; Auto Clock Enable Replacement                                              ; On                 ; On                 ;
; Strict RAM Replacement                                                     ; Off                ; Off                ;
; Allow Synchronous Control Signals                                          ; On                 ; On                 ;
; Force Use of Synchronous Clear Signals                                     ; Off                ; Off                ;
; Auto RAM to Logic Cell Conversion                                          ; Off                ; Off                ;
; Auto Resource Sharing                                                      ; Off                ; Off                ;
; Allow Any RAM Size For Recognition                                         ; Off                ; Off                ;
; Allow Any ROM Size For Recognition                                         ; Off                ; Off                ;
; Allow Any Shift Register Size For Recognition                              ; Off                ; Off                ;
; Use LogicLock Constraints during Resource Balancing                        ; On                 ; On                 ;
; Ignore translate_off and synthesis_off directives                          ; Off                ; Off                ;
; Timing-Driven Synthesis                                                    ; Off                ; Off                ;
; Report Parameter Settings                                                  ; On                 ; On                 ;
; Report Source Assignments                                                  ; On                 ; On                 ;
; Report Connectivity Checks                                                 ; On                 ; On                 ;
; Ignore Maximum Fan-Out Assignments                                         ; Off                ; Off                ;
; Synchronization Register Chain Length                                      ; 2                  ; 2                  ;
; PowerPlay Power Optimization                                               ; Normal compilation ; Normal compilation ;
; HDL message level                                                          ; Level2             ; Level2             ;
; Suppress Register Optimization Related Messages                            ; Off                ; Off                ;
; Number of Removed Registers Reported in Synthesis Report                   ; 5000               ; 5000               ;
; Number of Swept Nodes Reported in Synthesis Report                         ; 5000               ; 5000               ;
; Number of Inverted Registers Reported in Synthesis Report                  ; 100                ; 100                ;
; Clock MUX Protection                                                       ; On                 ; On                 ;
; Auto Gated Clock Conversion                                                ; Off                ; Off                ;
; Block Design Naming                                                        ; Auto               ; Auto               ;
; SDC constraint protection                                                  ; Off                ; Off                ;
; Synthesis Effort                                                           ; Auto               ; Auto               ;
; Shift Register Replacement - Allow Asynchronous Clear Signal               ; On                 ; On                 ;
; Pre-Mapping Resynthesis Optimization                                       ; Off                ; Off                ;
; Analysis & Synthesis Message Level                                         ; Medium             ; Medium             ;
; Disable Register Merging Across Hierarchies                                ; Auto               ; Auto               ;
; Resource Aware Inference For Block RAM                                     ; On                 ; On                 ;
; Synthesis Seed                                                             ; 1                  ; 1                  ;
+----------------------------------------------------------------------------+--------------------+--------------------+


Parallel compilation was disabled, but you have multiple processors available. Enable parallel compilation to reduce compilation time.
+-------------------------------------+
; Parallel Compilation                ;
+----------------------------+--------+
; Processors                 ; Number ;
+----------------------------+--------+
; Number detected on machine ; 4      ;
; Maximum allowed            ; 1      ;
+----------------------------+--------+


+-------------------------------------------------------------------------------------------------------------------------------------------------------------------------------------------------+
; Analysis & Synthesis Source Files Read                                                                                                                                                          ;
+----------------------------------+-----------------+-----------------------+----------------------------------------------------------------------------------------------------------+---------+
; File Name with User-Entered Path ; Used in Netlist ; File Type             ; File Name with Absolute Path                                                                             ; Library ;
+----------------------------------+-----------------+-----------------------+----------------------------------------------------------------------------------------------------------+---------+
; emisorserie.vhd                  ; yes             ; Auto-Found VHDL File  ; C:/Users/Maroa/Documents/ICAI/Sistemas Digitales/SISTEMAS DIGITALES II/Juan y Laura/emisorserie.vhd      ;         ;
; detectorflanco.vhd               ; yes             ; Auto-Found VHDL File  ; C:/Users/Maroa/Documents/ICAI/Sistemas Digitales/SISTEMAS DIGITALES II/Juan y Laura/detectorflanco.vhd   ;         ;
; contadorregistro.vhd             ; yes             ; Auto-Found VHDL File  ; C:/Users/Maroa/Documents/ICAI/Sistemas Digitales/SISTEMAS DIGITALES II/Juan y Laura/contadorregistro.vhd ;         ;
; contador1bit.vhd                 ; yes             ; Auto-Found VHDL File  ; C:/Users/Maroa/Documents/ICAI/Sistemas Digitales/SISTEMAS DIGITALES II/Juan y Laura/contador1bit.vhd     ;         ;
; control.vhd                      ; yes             ; Auto-Found VHDL File  ; C:/Users/Maroa/Documents/ICAI/Sistemas Digitales/SISTEMAS DIGITALES II/Juan y Laura/control.vhd          ;         ;
; regdesp.vhd                      ; yes             ; Auto-Found VHDL File  ; C:/Users/Maroa/Documents/ICAI/Sistemas Digitales/SISTEMAS DIGITALES II/Juan y Laura/regdesp.vhd          ;         ;
; calcparidad.vhd                  ; yes             ; Auto-Found VHDL File  ; C:/Users/Maroa/Documents/ICAI/Sistemas Digitales/SISTEMAS DIGITALES II/Juan y Laura/calcparidad.vhd      ;         ;
; muxemi.vhd                       ; yes             ; Auto-Found VHDL File  ; C:/Users/Maroa/Documents/ICAI/Sistemas Digitales/SISTEMAS DIGITALES II/Juan y Laura/muxemi.vhd           ;         ;
+----------------------------------+-----------------+-----------------------+----------------------------------------------------------------------------------------------------------+---------+


+-----------------------------------------------------+
; Analysis & Synthesis Resource Usage Summary         ;
+---------------------------------------------+-------+
; Resource                                    ; Usage ;
+---------------------------------------------+-------+
; Estimated Total logic elements              ; 50    ;
;                                             ;       ;
; Total combinational functions               ; 49    ;
; Logic element usage by number of LUT inputs ;       ;
;     -- 4 input functions                    ; 20    ;
;     -- 3 input functions                    ; 12    ;
;     -- <=2 input functions                  ; 17    ;
;                                             ;       ;
; Logic elements by mode                      ;       ;
;     -- normal mode                          ; 38    ;
;     -- arithmetic mode                      ; 11    ;
;                                             ;       ;
; Total registers                             ; 32    ;
;     -- Dedicated logic registers            ; 32    ;
;     -- I/O registers                        ; 0     ;
;                                             ;       ;
; I/O pins                                    ; 12    ;
; Embedded Multiplier 9-bit elements          ; 0     ;
; Maximum fan-out node                        ; clk   ;
; Maximum fan-out                             ; 32    ;
; Total fan-out                               ; 266   ;
; Average fan-out                             ; 2.86  ;
+---------------------------------------------+-------+


+-------------------------------------------------------------------------------------------------------------------------------------------------------------------------------------------+
; Analysis & Synthesis Resource Utilization by Entity                                                                                                                                       ;
+----------------------------+-------------------+--------------+-------------+--------------+---------+-----------+------+--------------+-----------------------------------+--------------+
; Compilation Hierarchy Node ; LC Combinationals ; LC Registers ; Memory Bits ; DSP Elements ; DSP 9x9 ; DSP 18x18 ; Pins ; Virtual Pins ; Full Hierarchy Name               ; Library Name ;
+----------------------------+-------------------+--------------+-------------+--------------+---------+-----------+------+--------------+-----------------------------------+--------------+
; |EmisorSerie               ; 49 (0)            ; 32 (0)       ; 0           ; 0            ; 0       ; 0         ; 12   ; 0            ; |EmisorSerie                      ;              ;
;    |CalcParidad:i_6|       ; 3 (3)             ; 1 (1)        ; 0           ; 0            ; 0       ; 0         ; 0    ; 0            ; |EmisorSerie|CalcParidad:i_6      ;              ;
;    |Contador1Bit:i_3|      ; 22 (22)           ; 12 (12)      ; 0           ; 0            ; 0       ; 0         ; 0    ; 0            ; |EmisorSerie|Contador1Bit:i_3     ;              ;
;    |ContadorRegistro:i_2|  ; 4 (4)             ; 3 (3)        ; 0           ; 0            ; 0       ; 0         ; 0    ; 0            ; |EmisorSerie|ContadorRegistro:i_2 ;              ;
;    |Control:i_4|           ; 8 (8)             ; 6 (6)        ; 0           ; 0            ; 0       ; 0         ; 0    ; 0            ; |EmisorSerie|Control:i_4          ;              ;
;    |DetectorFlanco:i_1|    ; 1 (1)             ; 2 (2)        ; 0           ; 0            ; 0       ; 0         ; 0    ; 0            ; |EmisorSerie|DetectorFlanco:i_1   ;              ;
;    |MuxEmi:i_7|            ; 2 (2)             ; 0 (0)        ; 0           ; 0            ; 0       ; 0         ; 0    ; 0            ; |EmisorSerie|MuxEmi:i_7           ;              ;
;    |RegDesp:i_5|           ; 9 (9)             ; 8 (8)        ; 0           ; 0            ; 0       ; 0         ; 0    ; 0            ; |EmisorSerie|RegDesp:i_5          ;              ;
+----------------------------+-------------------+--------------+-------------+--------------+---------+-----------+------+--------------+-----------------------------------+--------------+
Note: For table entries with two numbers listed, the numbers in parentheses indicate the number of resources of the given type used by the specific entity alone. The numbers listed outside of parentheses indicate the total resources of the given type used by the specific entity and all of its sub-entities in the hierarchy.


Encoding Type:  One-Hot
+-----------------------------------------------------------------------------------------------------------------------------------------------------+
; State Machine - |EmisorSerie|Control:i_4|estado_act                                                                                                 ;
+----------------------+--------------------+--------------------+----------------------+----------------------+---------------------+----------------+
; Name                 ; estado_act.BitStop ; estado_act.Paridad ; estado_act.ActivaReg ; estado_act.EsperaBit ; estado_act.BitStart ; estado_act.Rep ;
+----------------------+--------------------+--------------------+----------------------+----------------------+---------------------+----------------+
; estado_act.Rep       ; 0                  ; 0                  ; 0                    ; 0                    ; 0                   ; 0              ;
; estado_act.BitStart  ; 0                  ; 0                  ; 0                    ; 0                    ; 1                   ; 1              ;
; estado_act.EsperaBit ; 0                  ; 0                  ; 0                    ; 1                    ; 0                   ; 1              ;
; estado_act.ActivaReg ; 0                  ; 0                  ; 1                    ; 0                    ; 0                   ; 1              ;
; estado_act.Paridad   ; 0                  ; 1                  ; 0                    ; 0                    ; 0                   ; 1              ;
; estado_act.BitStop   ; 1                  ; 0                  ; 0                    ; 0                    ; 0                   ; 1              ;
+----------------------+--------------------+--------------------+----------------------+----------------------+---------------------+----------------+


Encoding Type:  One-Hot
+-------------------------------------------------------------------------+
; State Machine - |EmisorSerie|DetectorFlanco:i_1|estado_act              ;
+------------------+-----------------+------------------+-----------------+
; Name             ; estado_act.Esp0 ; estado_act.Pulso ; estado_act.Esp1 ;
+------------------+-----------------+------------------+-----------------+
; estado_act.Esp1  ; 0               ; 0                ; 0               ;
; estado_act.Pulso ; 0               ; 1                ; 1               ;
; estado_act.Esp0  ; 1               ; 0                ; 1               ;
+------------------+-----------------+------------------+-----------------+


+------------------------------------------------------------+
; Registers Removed During Synthesis                         ;
+---------------------------------------+--------------------+
; Register name                         ; Reason for Removal ;
+---------------------------------------+--------------------+
; DetectorFlanco:i_1|estado_act.Esp1    ; Lost fanout        ;
; Total Number of Removed Registers = 1 ;                    ;
+---------------------------------------+--------------------+


+------------------------------------------------------+
; General Register Statistics                          ;
+----------------------------------------------+-------+
; Statistic                                    ; Value ;
+----------------------------------------------+-------+
; Total registers                              ; 32    ;
; Number of registers using Synchronous Clear  ; 13    ;
; Number of registers using Synchronous Load   ; 0     ;
; Number of registers using Asynchronous Clear ; 32    ;
; Number of registers using Asynchronous Load  ; 0     ;
; Number of registers using Clock Enable       ; 7     ;
; Number of registers using Preset             ; 0     ;
+----------------------------------------------+-------+


+--------------------------------------------------+
; Inverted Register Statistics                     ;
+----------------------------------------+---------+
; Inverted Register                      ; Fan out ;
+----------------------------------------+---------+
; CalcParidad:i_6|parid_impar            ; 1       ;
; Total number of inverted registers = 1 ;         ;
+----------------------------------------+---------+


+---------------------------------------------------------------------------------------------------------------------------------------------------------+
; Multiplexer Restructuring Statistics (Restructuring Performed)                                                                                          ;
+--------------------+-----------+---------------+----------------------+------------------------+------------+-------------------------------------------+
; Multiplexer Inputs ; Bus Width ; Baseline Area ; Area if Restructured ; Saving if Restructured ; Registered ; Example Multiplexer Output                ;
+--------------------+-----------+---------------+----------------------+------------------------+------------+-------------------------------------------+
; 3:1                ; 7 bits    ; 14 LEs        ; 7 LEs                ; 7 LEs                  ; Yes        ; |EmisorSerie|RegDesp:i_5|desp_int[0]      ;
; 5:1                ; 2 bits    ; 6 LEs         ; 4 LEs                ; 2 LEs                  ; No         ; |EmisorSerie|DetectorFlanco:i_1|Selector0 ;
; 7:1                ; 2 bits    ; 8 LEs         ; 4 LEs                ; 4 LEs                  ; No         ; |EmisorSerie|Control:i_4|Selector3        ;
+--------------------+-----------+---------------+----------------------+------------------------+------------+-------------------------------------------+


+-------------------------------+
; Elapsed Time Per Partition    ;
+----------------+--------------+
; Partition Name ; Elapsed Time ;
+----------------+--------------+
; Top            ; 00:00:00     ;
+----------------+--------------+


+-------------------------------+
; Analysis & Synthesis Messages ;
+-------------------------------+
Info: *******************************************************************
Info: Running Quartus II 64-Bit Analysis & Synthesis
    Info: Version 13.0.0 Build 156 04/24/2013 SJ Web Edition
    Info: Processing started: Sat Feb 09 11:45:59 2019
Info: Command: quartus_map --read_settings_files=on --write_settings_files=off EmisorSerie -c EmisorSerie
Warning (20028): Parallel compilation is not licensed and has been disabled
Warning (12125): Using design file emisorserie.vhd, which is not specified as a design file for the current project, but contains definitions for 2 design units and 1 entities in project
    Info (12022): Found design unit 1: EmisorSerie-structural
    Info (12023): Found entity 1: EmisorSerie
Info (12127): Elaborating entity "EmisorSerie" for the top level hierarchy
Warning (12125): Using design file detectorflanco.vhd, which is not specified as a design file for the current project, but contains definitions for 2 design units and 1 entities in project
    Info (12022): Found design unit 1: DetectorFlanco-behavioural
    Info (12023): Found entity 1: DetectorFlanco
Info (12128): Elaborating entity "DetectorFlanco" for hierarchy "DetectorFlanco:i_1"
Warning (12125): Using design file contadorregistro.vhd, which is not specified as a design file for the current project, but contains definitions for 2 design units and 1 entities in project
    Info (12022): Found design unit 1: ContadorRegistro-behavioural
    Info (12023): Found entity 1: ContadorRegistro
Info (12128): Elaborating entity "ContadorRegistro" for hierarchy "ContadorRegistro:i_2"
Warning (12125): Using design file contador1bit.vhd, which is not specified as a design file for the current project, but contains definitions for 2 design units and 1 entities in project
    Info (12022): Found design unit 1: Contador1Bit-behavioural
    Info (12023): Found entity 1: Contador1Bit
Info (12128): Elaborating entity "Contador1Bit" for hierarchy "Contador1Bit:i_3"
Warning (12125): Using design file control.vhd, which is not specified as a design file for the current project, but contains definitions for 2 design units and 1 entities in project
    Info (12022): Found design unit 1: Control-behavioural
    Info (12023): Found entity 1: Control
Info (12128): Elaborating entity "Control" for hierarchy "Control:i_4"
Warning (12125): Using design file regdesp.vhd, which is not specified as a design file for the current project, but contains definitions for 2 design units and 1 entities in project
    Info (12022): Found design unit 1: RegDesp-behavioural
    Info (12023): Found entity 1: RegDesp
Info (12128): Elaborating entity "RegDesp" for hierarchy "RegDesp:i_5"
Warning (12125): Using design file calcparidad.vhd, which is not specified as a design file for the current project, but contains definitions for 2 design units and 1 entities in project
    Info (12022): Found design unit 1: CalcParidad-behavioural
    Info (12023): Found entity 1: CalcParidad
Info (12128): Elaborating entity "CalcParidad" for hierarchy "CalcParidad:i_6"
Warning (12125): Using design file muxemi.vhd, which is not specified as a design file for the current project, but contains definitions for 2 design units and 1 entities in project
    Info (12022): Found design unit 1: MuxEmi-behavioural
    Info (12023): Found entity 1: MuxEmi
Info (12128): Elaborating entity "MuxEmi" for hierarchy "MuxEmi:i_7"
Info (13000): Registers with preset signals will power-up high
Info (13003): DEV_CLRn pin will set, and not reset, register with preset signal due to NOT Gate Push-Back
Info (17049): 1 registers lost all their fanouts during netlist optimizations.
Info (16010): Generating hard_block partition "hard_block:auto_generated_inst"
    Info (16011): Adding 0 node(s), including 0 DDIO, 0 PLL, 0 transceiver and 0 LCELL
Info (21057): Implemented 62 device resources after synthesis - the final resource count might be different
    Info (21058): Implemented 11 input pins
    Info (21059): Implemented 1 output pins
    Info (21061): Implemented 50 logic cells
Info: Quartus II 64-Bit Analysis & Synthesis was successful. 0 errors, 9 warnings
    Info: Peak virtual memory: 4662 megabytes
    Info: Processing ended: Sat Feb 09 11:46:01 2019
    Info: Elapsed time: 00:00:02
    Info: Total CPU time (on all processors): 00:00:02


