Flow report for DetErrorParidad
Sun Jan 27 11:50:27 2019
Quartus II 64-Bit Version 13.0.0 Build 156 04/24/2013 SJ Web Edition


---------------------
; Table of Contents ;
---------------------
  1. Legal Notice
  2. Flow Summary
  3. Flow Settings
  4. Flow Non-Default Global Settings
  5. Flow Elapsed Time
  6. Flow OS Summary
  7. Flow Log
  8. Flow Messages
  9. Flow Suppressed Messages



----------------
; Legal Notice ;
----------------
Copyright (C) 1991-2013 Altera Corporation
Your use of Altera Corporation's design tools, logic functions 
and other software and tools, and its AMPP partner logic 
functions, and any output files from any of the foregoing 
(including device programming or simulation files), and any 
associated documentation or information are expressly subject 
to the terms and conditions of the Altera Program License 
Subscription Agreement, Altera MegaCore Function License 
Agreement, or other applicable license agreement, including, 
without limitation, that your use is for the sole purpose of 
programming logic devices manufactured by Altera and sold by 
Altera or its authorized distributors.  Please refer to the 
applicable agreement for further details.



+---------------------------------------------------------------------------------+
; Flow Summary                                                                    ;
+------------------------------------+--------------------------------------------+
; Flow Status                        ; Successful - Sun Jan 27 11:50:27 2019      ;
; Quartus II 64-Bit Version          ; 13.0.0 Build 156 04/24/2013 SJ Web Edition ;
; Revision Name                      ; DetErrorParidad                            ;
; Top-level Entity Name              ; DetErrorParidad                            ;
; Family                             ; Cyclone II                                 ;
; Device                             ; EP2C20F484C7                               ;
; Timing Models                      ; Final                                      ;
; Total logic elements               ; 2 / 18,752 ( < 1 % )                       ;
;     Total combinational functions  ; 2 / 18,752 ( < 1 % )                       ;
;     Dedicated logic registers      ; 2 / 18,752 ( < 1 % )                       ;
; Total registers                    ; 2                                          ;
; Total pins                         ; 6 / 315 ( 2 % )                            ;
; Total virtual pins                 ; 0                                          ;
; Total memory bits                  ; 0 / 239,616 ( 0 % )                        ;
; Embedded Multiplier 9-bit elements ; 0 / 52 ( 0 % )                             ;
; Total PLLs                         ; 0 / 4 ( 0 % )                              ;
+------------------------------------+--------------------------------------------+


+-----------------------------------------+
; Flow Settings                           ;
+-------------------+---------------------+
; Option            ; Setting             ;
+-------------------+---------------------+
; Start date & time ; 01/27/2019 11:50:13 ;
; Main task         ; Compilation         ;
; Revision Name     ; DetErrorParidad     ;
+-------------------+---------------------+


+----------------------------------------------------------------------------------------------------------------------------------------+
; Flow Non-Default Global Settings                                                                                                       ;
+--------------------------------------+-----------------------------------------+---------------+-------------+-------------------------+
; Assignment Name                      ; Value                                   ; Default Value ; Entity Name ; Section Id              ;
+--------------------------------------+-----------------------------------------+---------------+-------------+-------------------------+
; COMPILER_SIGNATURE_ID                ; 93383153803955.154858621309864          ; --            ; --          ; --                      ;
; EDA_DESIGN_INSTANCE_NAME             ; i1                                      ; --            ; --          ; DetErrorParidad_vhd_tst ;
; EDA_NATIVELINK_SIMULATION_TEST_BENCH ; DetErrorParidad_vhd_tst                 ; --            ; --          ; eda_simulation          ;
; EDA_OUTPUT_DATA_FORMAT               ; Vhdl                                    ; --            ; --          ; eda_simulation          ;
; EDA_SIMULATION_TOOL                  ; ModelSim-Altera (VHDL)                  ; <None>        ; --          ; --                      ;
; EDA_TEST_BENCH_ENABLE_STATUS         ; TEST_BENCH_MODE                         ; --            ; --          ; eda_simulation          ;
; EDA_TEST_BENCH_FILE                  ; simulation/modelsim/DetErrorParidad.vht ; --            ; --          ; DetErrorParidad_vhd_tst ;
; EDA_TEST_BENCH_MODULE_NAME           ; DetErrorParidad_vhd_tst                 ; --            ; --          ; DetErrorParidad_vhd_tst ;
; EDA_TEST_BENCH_NAME                  ; DetErrorParidad_vhd_tst                 ; --            ; --          ; eda_simulation          ;
; MAX_CORE_JUNCTION_TEMP               ; 85                                      ; --            ; --          ; --                      ;
; MIN_CORE_JUNCTION_TEMP               ; 0                                       ; --            ; --          ; --                      ;
; PARTITION_COLOR                      ; 16764057                                ; --            ; --          ; Top                     ;
; PARTITION_FITTER_PRESERVATION_LEVEL  ; PLACEMENT_AND_ROUTING                   ; --            ; --          ; Top                     ;
; PARTITION_NETLIST_TYPE               ; SOURCE                                  ; --            ; --          ; Top                     ;
; POWER_BOARD_THERMAL_MODEL            ; None (CONSERVATIVE)                     ; --            ; --          ; --                      ;
; POWER_PRESET_COOLING_SOLUTION        ; 23 MM HEAT SINK WITH 200 LFPM AIRFLOW   ; --            ; --          ; --                      ;
; PROJECT_OUTPUT_DIRECTORY             ; output_files                            ; --            ; --          ; --                      ;
+--------------------------------------+-----------------------------------------+---------------+-------------+-------------------------+


+-------------------------------------------------------------------------------------------------------------------------------+
; Flow Elapsed Time                                                                                                             ;
+---------------------------+--------------+-------------------------+---------------------+------------------------------------+
; Module Name               ; Elapsed Time ; Average Processors Used ; Peak Virtual Memory ; Total CPU Time (on all processors) ;
+---------------------------+--------------+-------------------------+---------------------+------------------------------------+
; Analysis & Synthesis      ; 00:00:01     ; 1.0                     ; 4666 MB             ; 00:00:02                           ;
; Fitter                    ; 00:00:05     ; 1.0                     ; 4882 MB             ; 00:00:05                           ;
; Assembler                 ; 00:00:02     ; 1.0                     ; 4565 MB             ; 00:00:02                           ;
; TimeQuest Timing Analyzer ; 00:00:01     ; 1.0                     ; 4558 MB             ; 00:00:01                           ;
; EDA Netlist Writer        ; 00:00:00     ; 1.0                     ; 4531 MB             ; 00:00:01                           ;
; Total                     ; 00:00:09     ; --                      ; --                  ; 00:00:11                           ;
+---------------------------+--------------+-------------------------+---------------------+------------------------------------+


+----------------------------------------------------------------------------------------+
; Flow OS Summary                                                                        ;
+---------------------------+------------------+-----------+------------+----------------+
; Module Name               ; Machine Hostname ; OS Name   ; OS Version ; Processor type ;
+---------------------------+------------------+-----------+------------+----------------+
; Analysis & Synthesis      ; LAPTOP-UHS9FKJ3  ; Windows 7 ; 6.2        ; x86_64         ;
; Fitter                    ; LAPTOP-UHS9FKJ3  ; Windows 7 ; 6.2        ; x86_64         ;
; Assembler                 ; LAPTOP-UHS9FKJ3  ; Windows 7 ; 6.2        ; x86_64         ;
; TimeQuest Timing Analyzer ; LAPTOP-UHS9FKJ3  ; Windows 7 ; 6.2        ; x86_64         ;
; EDA Netlist Writer        ; LAPTOP-UHS9FKJ3  ; Windows 7 ; 6.2        ; x86_64         ;
+---------------------------+------------------+-----------+------------+----------------+


------------
; Flow Log ;
------------
quartus_map --read_settings_files=on --write_settings_files=off DetErrorParidad -c DetErrorParidad
quartus_fit --read_settings_files=off --write_settings_files=off DetErrorParidad -c DetErrorParidad
quartus_asm --read_settings_files=off --write_settings_files=off DetErrorParidad -c DetErrorParidad
quartus_sta DetErrorParidad -c DetErrorParidad
quartus_eda --read_settings_files=off --write_settings_files=off DetErrorParidad -c DetErrorParidad



